<?xml version="1.0" encoding="UTF-8"?>
<!-- Generated by org.testng.reporters.JUnitReportReporter -->
<testsuite skipped="0" hostname="MININT-F9QT6ID" name="TestScript" tests="10" failures="0" timestamp="2020-02-13T11:32:59 IST" time="8.299" errors="0">
  <testcase name="TestCase8" time="3.591" classname="TestScript"/>
  <testcase name="TestCase6" time="0.067" classname="TestScript"/>
  <testcase name="TestCase2" time="0.055" classname="TestScript"/>
  <testcase name="TestCase1" time="3.193" classname="TestScript"/>
  <testcase name="TestCase3" time="1.056" classname="TestScript"/>
  <testcase name="TestCase7" time="0.033" classname="TestScript"/>
  <testcase name="TestCase9" time="0.074" classname="TestScript"/>
  <testcase name="TestCase4" time="0.056" classname="TestScript"/>
  <testcase name="TestCase10" time="0.090" classname="TestScript"/>
  <testcase name="TestCase5" time="0.084" classname="TestScript"/>
</testsuite> <!-- TestScript -->
